<?xml version="1.0" encoding="UTF-8"?>
<!-- Generated by org.testng.reporters.JUnitReportReporter -->
<testsuite hostname="DESKTOP-MQM295F" failures="0" tests="1" name="books.Tc_DWs_005_Test" time="6.393" errors="0" timestamp="2024-08-06T12:34:44 IST" skipped="0">
  <testcase classname="books.Tc_DWs_005_Test" name="clickonBooks" time="6.393"/>
  <system-out>
    <![CDATA[book page is displayed]]>
  </system-out>
</testsuite> <!-- books.Tc_DWs_005_Test -->
